<?xml version="1.0" encoding="UTF-8"?>
<!-- Generated by org.testng.reporters.JUnitReportReporter -->
<testsuite hostname="trv4037" failures="0" tests="3" name="tests.LoginTest" time="28.893" errors="0" timestamp="2020-10-30T15:30:43 CET" skipped="0">
  <testcase classname="tests.LoginTest" name="UserCanNotLoginWithInvalidCredentials" time="8.805"/>
  <system-out/>
  <testcase classname="tests.LoginTest" name="UserIsAbleToRestHisPassword" time="10.429"/>
  <system-out/>
  <testcase classname="tests.LoginTest" name="UserCanLoginWithValidCredentials" time="9.659"/>
  <system-out/>
</testsuite> <!-- tests.LoginTest -->
